<?xml version="1.0" encoding="UTF-8"?>
<testsuite xmlns:xsi="http://www.w3.org/2001/XMLSchema-instance" xsi:noNamespaceSchemaLocation="https://maven.apache.org/surefire/maven-surefire-plugin/xsd/surefire-test-report-3.0.xsd" version="3.0" name="com.warehouse.resources.WidgetResourceTest" time="1.642" tests="10" errors="0" skipped="0" failures="0">
  <properties>
    <property name="java.specification.version" value="17"/>
    <property name="sun.cpu.isalist" value="amd64"/>
    <property name="sun.jnu.encoding" value="Cp1252"/>
    <property name="java.class.path" value="E:\Projects\aaaaaaaaaaaaaaa\target\test-classes;E:\Projects\aaaaaaaaaaaaaaa\target\classes;C:\Users\moham\.m2\repository\io\dropwizard\dropwizard-core\2.0.0\dropwizard-core-2.0.0.jar;C:\Users\moham\.m2\repository\io\dropwizard\dropwizard-util\2.0.0\dropwizard-util-2.0.0.jar;C:\Users\moham\.m2\repository\com\fasterxml\jackson\core\jackson-annotations\2.10.1\jackson-annotations-2.10.1.jar;C:\Users\moham\.m2\repository\com\google\guava\guava\28.1-jre\guava-28.1-jre.jar;C:\Users\moham\.m2\repository\com\google\guava\failureaccess\1.0.1\failureaccess-1.0.1.jar;C:\Users\moham\.m2\repository\com\google\guava\listenablefuture\9999.0-empty-to-avoid-conflict-with-guava\listenablefuture-9999.0-empty-to-avoid-conflict-with-guava.jar;C:\Users\moham\.m2\repository\com\google\j2objc\j2objc-annotations\1.3\j2objc-annotations-1.3.jar;C:\Users\moham\.m2\repository\org\codehaus\mojo\animal-sniffer-annotations\1.18\animal-sniffer-annotations-1.18.jar;C:\Users\moham\.m2\repository\com\google\code\findbugs\jsr305\3.0.2\jsr305-3.0.2.jar;C:\Users\moham\.m2\repository\joda-time\joda-time\2.10.5\joda-time-2.10.5.jar;C:\Users\moham\.m2\repository\io\dropwizard\dropwizard-jackson\2.0.0\dropwizard-jackson-2.0.0.jar;C:\Users\moham\.m2\repository\com\fasterxml\jackson\core\jackson-core\2.10.1\jackson-core-2.10.1.jar;C:\Users\moham\.m2\repository\com\fasterxml\jackson\core\jackson-databind\2.10.1\jackson-databind-2.10.1.jar;C:\Users\moham\.m2\repository\com\fasterxml\jackson\datatype\jackson-datatype-guava\2.10.1\jackson-datatype-guava-2.10.1.jar;C:\Users\moham\.m2\repository\com\fasterxml\jackson\datatype\jackson-datatype-jsr310\2.10.1\jackson-datatype-jsr310-2.10.1.jar;C:\Users\moham\.m2\repository\com\fasterxml\jackson\datatype\jackson-datatype-jdk8\2.10.1\jackson-datatype-jdk8-2.10.1.jar;C:\Users\moham\.m2\repository\com\fasterxml\jackson\module\jackson-module-parameter-names\2.10.1\jackson-module-parameter-names-2.10.1.jar;C:\Users\moham\.m2\repository\com\fasterxml\jackson\module\jackson-module-afterburner\2.10.1\jackson-module-afterburner-2.10.1.jar;C:\Users\moham\.m2\repository\com\fasterxml\jackson\datatype\jackson-datatype-joda\2.10.1\jackson-datatype-joda-2.10.1.jar;C:\Users\moham\.m2\repository\org\slf4j\slf4j-api\1.7.29\slf4j-api-1.7.29.jar;C:\Users\moham\.m2\repository\io\dropwizard\dropwizard-validation\2.0.0\dropwizard-validation-2.0.0.jar;C:\Users\moham\.m2\repository\org\hibernate\validator\hibernate-validator\6.1.0.Final\hibernate-validator-6.1.0.Final.jar;C:\Users\moham\.m2\repository\jakarta\validation\jakarta.validation-api\2.0.2\jakarta.validation-api-2.0.2.jar;C:\Users\moham\.m2\repository\org\jboss\logging\jboss-logging\3.3.2.Final\jboss-logging-3.3.2.Final.jar;C:\Users\moham\.m2\repository\org\glassfish\jakarta.el\3.0.3\jakarta.el-3.0.3.jar;C:\Users\moham\.m2\repository\org\javassist\javassist\3.26.0-GA\javassist-3.26.0-GA.jar;C:\Users\moham\.m2\repository\io\dropwizard\dropwizard-configuration\2.0.0\dropwizard-configuration-2.0.0.jar;C:\Users\moham\.m2\repository\com\fasterxml\jackson\dataformat\jackson-dataformat-yaml\2.10.1\jackson-dataformat-yaml-2.10.1.jar;C:\Users\moham\.m2\repository\org\yaml\snakeyaml\1.24\snakeyaml-1.24.jar;C:\Users\moham\.m2\repository\org\apache\commons\commons-lang3\3.9\commons-lang3-3.9.jar;C:\Users\moham\.m2\repository\org\apache\commons\commons-text\1.8\commons-text-1.8.jar;C:\Users\moham\.m2\repository\io\dropwizard\dropwizard-logging\2.0.0\dropwizard-logging-2.0.0.jar;C:\Users\moham\.m2\repository\io\dropwizard\metrics\metrics-logback\4.1.2\metrics-logback-4.1.2.jar;C:\Users\moham\.m2\repository\org\slf4j\jul-to-slf4j\1.7.29\jul-to-slf4j-1.7.29.jar;C:\Users\moham\.m2\repository\ch\qos\logback\logback-core\1.2.3\logback-core-1.2.3.jar;C:\Users\moham\.m2\repository\ch\qos\logback\logback-classic\1.2.3\logback-classic-1.2.3.jar;C:\Users\moham\.m2\repository\io\dropwizard\logback\logback-throttling-appender\1.1.0\logback-throttling-appender-1.1.0.jar;C:\Users\moham\.m2\repository\org\slf4j\log4j-over-slf4j\1.7.29\log4j-over-slf4j-1.7.29.jar;C:\Users\moham\.m2\repository\org\slf4j\jcl-over-slf4j\1.7.29\jcl-over-slf4j-1.7.29.jar;C:\Users\moham\.m2\repository\org\eclipse\jetty\jetty-util\9.4.24.v20191120\jetty-util-9.4.24.v20191120.jar;C:\Users\moham\.m2\repository\io\dropwizard\dropwizard-metrics\2.0.0\dropwizard-metrics-2.0.0.jar;C:\Users\moham\.m2\repository\io\dropwizard\dropwizard-jersey\2.0.0\dropwizard-jersey-2.0.0.jar;C:\Users\moham\.m2\repository\org\glassfish\jersey\core\jersey-server\2.29.1\jersey-server-2.29.1.jar;C:\Users\moham\.m2\repository\jakarta\ws\rs\jakarta.ws.rs-api\2.1.6\jakarta.ws.rs-api-2.1.6.jar;C:\Users\moham\.m2\repository\org\glassfish\jersey\media\jersey-media-jaxb\2.29.1\jersey-media-jaxb-2.29.1.jar;C:\Users\moham\.m2\repository\jakarta\annotation\jakarta.annotation-api\1.3.5\jakarta.annotation-api-1.3.5.jar;C:\Users\moham\.m2\repository\org\glassfish\hk2\external\jakarta.inject\2.6.1\jakarta.inject-2.6.1.jar;C:\Users\moham\.m2\repository\jakarta\xml\bind\jakarta.xml.bind-api\2.3.2\jakarta.xml.bind-api-2.3.2.jar;C:\Users\moham\.m2\repository\jakarta\activation\jakarta.activation-api\1.2.1\jakarta.activation-api-1.2.1.jar;C:\Users\moham\.m2\repository\org\glassfish\jersey\ext\jersey-metainf-services\2.29.1\jersey-metainf-services-2.29.1.jar;C:\Users\moham\.m2\repository\org\glassfish\jersey\ext\jersey-bean-validation\2.29.1\jersey-bean-validation-2.29.1.jar;C:\Users\moham\.m2\repository\org\glassfish\jersey\inject\jersey-hk2\2.29.1\jersey-hk2-2.29.1.jar;C:\Users\moham\.m2\repository\org\glassfish\hk2\hk2-locator\2.6.1\hk2-locator-2.6.1.jar;C:\Users\moham\.m2\repository\org\glassfish\hk2\external\aopalliance-repackaged\2.6.1\aopalliance-repackaged-2.6.1.jar;C:\Users\moham\.m2\repository\org\glassfish\hk2\hk2-api\2.6.1\hk2-api-2.6.1.jar;C:\Users\moham\.m2\repository\org\glassfish\hk2\hk2-utils\2.6.1\hk2-utils-2.6.1.jar;C:\Users\moham\.m2\repository\io\dropwizard\metrics\metrics-jersey2\4.1.2\metrics-jersey2-4.1.2.jar;C:\Users\moham\.m2\repository\com\fasterxml\jackson\jaxrs\jackson-jaxrs-json-provider\2.10.1\jackson-jaxrs-json-provider-2.10.1.jar;C:\Users\moham\.m2\repository\com\fasterxml\jackson\jaxrs\jackson-jaxrs-base\2.10.1\jackson-jaxrs-base-2.10.1.jar;C:\Users\moham\.m2\repository\com\fasterxml\jackson\module\jackson-module-jaxb-annotations\2.10.1\jackson-module-jaxb-annotations-2.10.1.jar;C:\Users\moham\.m2\repository\org\glassfish\jersey\containers\jersey-container-servlet\2.29.1\jersey-container-servlet-2.29.1.jar;C:\Users\moham\.m2\repository\org\eclipse\jetty\jetty-server\9.4.24.v20191120\jetty-server-9.4.24.v20191120.jar;C:\Users\moham\.m2\repository\javax\servlet\javax.servlet-api\4.0.1\javax.servlet-api-4.0.1.jar;C:\Users\moham\.m2\repository\org\eclipse\jetty\jetty-io\9.4.24.v20191120\jetty-io-9.4.24.v20191120.jar;C:\Users\moham\.m2\repository\org\eclipse\jetty\jetty-webapp\9.4.24.v20191120\jetty-webapp-9.4.24.v20191120.jar;C:\Users\moham\.m2\repository\org\eclipse\jetty\jetty-xml\9.4.24.v20191120\jetty-xml-9.4.24.v20191120.jar;C:\Users\moham\.m2\repository\org\eclipse\jetty\jetty-continuation\9.4.24.v20191120\jetty-continuation-9.4.24.v20191120.jar;C:\Users\moham\.m2\repository\io\dropwizard\dropwizard-servlets\2.0.0\dropwizard-servlets-2.0.0.jar;C:\Users\moham\.m2\repository\io\dropwizard\metrics\metrics-annotation\4.1.2\metrics-annotation-4.1.2.jar;C:\Users\moham\.m2\repository\io\dropwizard\dropwizard-jetty\2.0.0\dropwizard-jetty-2.0.0.jar;C:\Users\moham\.m2\repository\io\dropwizard\metrics\metrics-jetty9\4.1.2\metrics-jetty9-4.1.2.jar;C:\Users\moham\.m2\repository\org\eclipse\jetty\jetty-servlet\9.4.24.v20191120\jetty-servlet-9.4.24.v20191120.jar;C:\Users\moham\.m2\repository\org\eclipse\jetty\jetty-security\9.4.24.v20191120\jetty-security-9.4.24.v20191120.jar;C:\Users\moham\.m2\repository\org\eclipse\jetty\jetty-servlets\9.4.24.v20191120\jetty-servlets-9.4.24.v20191120.jar;C:\Users\moham\.m2\repository\org\eclipse\jetty\jetty-http\9.4.24.v20191120\jetty-http-9.4.24.v20191120.jar;C:\Users\moham\.m2\repository\io\dropwizard\dropwizard-lifecycle\2.0.0\dropwizard-lifecycle-2.0.0.jar;C:\Users\moham\.m2\repository\io\dropwizard\metrics\metrics-core\4.1.2\metrics-core-4.1.2.jar;C:\Users\moham\.m2\repository\io\dropwizard\metrics\metrics-jvm\4.1.2\metrics-jvm-4.1.2.jar;C:\Users\moham\.m2\repository\io\dropwizard\metrics\metrics-jmx\4.1.2\metrics-jmx-4.1.2.jar;C:\Users\moham\.m2\repository\io\dropwizard\metrics\metrics-servlets\4.1.2\metrics-servlets-4.1.2.jar;C:\Users\moham\.m2\repository\io\dropwizard\metrics\metrics-json\4.1.2\metrics-json-4.1.2.jar;C:\Users\moham\.m2\repository\com\helger\profiler\1.1.1\profiler-1.1.1.jar;C:\Users\moham\.m2\repository\io\dropwizard\metrics\metrics-healthchecks\4.1.2\metrics-healthchecks-4.1.2.jar;C:\Users\moham\.m2\repository\io\dropwizard\dropwizard-request-logging\2.0.0\dropwizard-request-logging-2.0.0.jar;C:\Users\moham\.m2\repository\ch\qos\logback\logback-access\1.2.3\logback-access-1.2.3.jar;C:\Users\moham\.m2\repository\net\sourceforge\argparse4j\argparse4j\0.8.1\argparse4j-0.8.1.jar;C:\Users\moham\.m2\repository\org\eclipse\jetty\toolchain\setuid\jetty-setuid-java\1.0.3\jetty-setuid-java-1.0.3.jar;C:\Users\moham\.m2\repository\io\dropwizard\dropwizard-hibernate\2.0.0\dropwizard-hibernate-2.0.0.jar;C:\Users\moham\.m2\repository\io\dropwizard\dropwizard-db\2.0.0\dropwizard-db-2.0.0.jar;C:\Users\moham\.m2\repository\org\apache\tomcat\tomcat-jdbc\9.0.29\tomcat-jdbc-9.0.29.jar;C:\Users\moham\.m2\repository\org\apache\tomcat\tomcat-juli\9.0.29\tomcat-juli-9.0.29.jar;C:\Users\moham\.m2\repository\com\fasterxml\jackson\datatype\jackson-datatype-hibernate5\2.10.1\jackson-datatype-hibernate5-2.10.1.jar;C:\Users\moham\.m2\repository\javax\transaction\javax.transaction-api\1.3\javax.transaction-api-1.3.jar;C:\Users\moham\.m2\repository\org\jadira\usertype\usertype.core\7.0.0.CR1\usertype.core-7.0.0.CR1.jar;C:\Users\moham\.m2\repository\org\jadira\usertype\usertype.spi\7.0.0.CR1\usertype.spi-7.0.0.CR1.jar;C:\Users\moham\.m2\repository\org\hibernate\hibernate-core\5.4.10.Final\hibernate-core-5.4.10.Final.jar;C:\Users\moham\.m2\repository\antlr\antlr\2.7.7\antlr-2.7.7.jar;C:\Users\moham\.m2\repository\org\jboss\spec\javax\transaction\jboss-transaction-api_1.2_spec\1.1.1.Final\jboss-transaction-api_1.2_spec-1.1.1.Final.jar;C:\Users\moham\.m2\repository\org\jboss\jandex\2.1.1.Final\jandex-2.1.1.Final.jar;C:\Users\moham\.m2\repository\com\fasterxml\classmate\1.5.1\classmate-1.5.1.jar;C:\Users\moham\.m2\repository\org\dom4j\dom4j\2.1.1\dom4j-2.1.1.jar;C:\Users\moham\.m2\repository\org\hibernate\common\hibernate-commons-annotations\5.1.0.Final\hibernate-commons-annotations-5.1.0.Final.jar;C:\Users\moham\.m2\repository\org\glassfish\jaxb\jaxb-runtime\2.3.1\jaxb-runtime-2.3.1.jar;C:\Users\moham\.m2\repository\org\glassfish\jaxb\txw2\2.3.1\txw2-2.3.1.jar;C:\Users\moham\.m2\repository\com\sun\istack\istack-commons-runtime\3.0.7\istack-commons-runtime-3.0.7.jar;C:\Users\moham\.m2\repository\org\jvnet\staxex\stax-ex\1.8\stax-ex-1.8.jar;C:\Users\moham\.m2\repository\com\sun\xml\fastinfoset\FastInfoset\1.2.15\FastInfoset-1.2.15.jar;C:\Users\moham\.m2\repository\org\projectlombok\lombok\1.18.26\lombok-1.18.26.jar;C:\Users\moham\.m2\repository\javax\validation\validation-api\1.1.0.Final\validation-api-1.1.0.Final.jar;C:\Users\moham\.m2\repository\javax\persistence\javax.persistence-api\2.2\javax.persistence-api-2.2.jar;C:\Users\moham\.m2\repository\org\postgresql\postgresql\42.2.10\postgresql-42.2.10.jar;C:\Users\moham\.m2\repository\com\smoketurner\dropwizard-swagger\2.0.0-1\dropwizard-swagger-2.0.0-1.jar;C:\Users\moham\.m2\repository\io\dropwizard\dropwizard-auth\2.0.0\dropwizard-auth-2.0.0.jar;C:\Users\moham\.m2\repository\io\dropwizard\dropwizard-assets\2.0.0\dropwizard-assets-2.0.0.jar;C:\Users\moham\.m2\repository\io\dropwizard\dropwizard-views\2.0.0\dropwizard-views-2.0.0.jar;C:\Users\moham\.m2\repository\io\dropwizard\dropwizard-views-freemarker\2.0.0\dropwizard-views-freemarker-2.0.0.jar;C:\Users\moham\.m2\repository\org\freemarker\freemarker\2.3.29\freemarker-2.3.29.jar;C:\Users\moham\.m2\repository\org\glassfish\jersey\media\jersey-media-multipart\2.29.1\jersey-media-multipart-2.29.1.jar;C:\Users\moham\.m2\repository\org\glassfish\jersey\core\jersey-common\2.29.1\jersey-common-2.29.1.jar;C:\Users\moham\.m2\repository\org\glassfish\hk2\osgi-resource-locator\1.0.3\osgi-resource-locator-1.0.3.jar;C:\Users\moham\.m2\repository\com\sun\activation\jakarta.activation\1.2.1\jakarta.activation-1.2.1.jar;C:\Users\moham\.m2\repository\org\jvnet\mimepull\mimepull\1.9.11\mimepull-1.9.11.jar;C:\Users\moham\.m2\repository\io\swagger\swagger-jersey2-jaxrs\1.6.0\swagger-jersey2-jaxrs-1.6.0.jar;C:\Users\moham\.m2\repository\io\swagger\swagger-jaxrs\1.6.0\swagger-jaxrs-1.6.0.jar;C:\Users\moham\.m2\repository\io\swagger\swagger-core\1.6.0\swagger-core-1.6.0.jar;C:\Users\moham\.m2\repository\io\swagger\swagger-models\1.6.0\swagger-models-1.6.0.jar;C:\Users\moham\.m2\repository\io\swagger\swagger-annotations\1.6.0\swagger-annotations-1.6.0.jar;C:\Users\moham\.m2\repository\org\reflections\reflections\0.9.11\reflections-0.9.11.jar;C:\Users\moham\.m2\repository\org\glassfish\jersey\containers\jersey-container-servlet-core\2.29.1\jersey-container-servlet-core-2.29.1.jar;C:\Users\moham\.m2\repository\javax\xml\bind\jaxb-api\2.3.1\jaxb-api-2.3.1.jar;C:\Users\moham\.m2\repository\javax\activation\javax.activation-api\1.2.0\javax.activation-api-1.2.0.jar;C:\Users\moham\.m2\repository\com\github\ben-manes\caffeine\caffeine\3.1.8\caffeine-3.1.8.jar;C:\Users\moham\.m2\repository\org\checkerframework\checker-qual\3.0.1\checker-qual-3.0.1.jar;C:\Users\moham\.m2\repository\com\google\errorprone\error_prone_annotations\2.3.4\error_prone_annotations-2.3.4.jar;C:\Users\moham\.m2\repository\io\dropwizard\dropwizard-testing\2.0.0\dropwizard-testing-2.0.0.jar;C:\Users\moham\.m2\repository\org\objenesis\objenesis\3.1\objenesis-3.1.jar;C:\Users\moham\.m2\repository\org\assertj\assertj-core\3.14.0\assertj-core-3.14.0.jar;C:\Users\moham\.m2\repository\org\glassfish\jersey\test-framework\providers\jersey-test-framework-provider-inmemory\2.29.1\jersey-test-framework-provider-inmemory-2.29.1.jar;C:\Users\moham\.m2\repository\org\glassfish\jersey\test-framework\jersey-test-framework-core\2.29.1\jersey-test-framework-core-2.29.1.jar;C:\Users\moham\.m2\repository\jakarta\servlet\jakarta.servlet-api\4.0.3\jakarta.servlet-api-4.0.3.jar;C:\Users\moham\.m2\repository\org\glassfish\jersey\core\jersey-client\2.29.1\jersey-client-2.29.1.jar;C:\Users\moham\.m2\repository\junit\junit\4.12\junit-4.12.jar;C:\Users\moham\.m2\repository\org\hamcrest\hamcrest-core\1.3\hamcrest-core-1.3.jar;C:\Users\moham\.m2\repository\org\junit\jupiter\junit-jupiter\5.5.2\junit-jupiter-5.5.2.jar;C:\Users\moham\.m2\repository\org\junit\jupiter\junit-jupiter-api\5.5.2\junit-jupiter-api-5.5.2.jar;C:\Users\moham\.m2\repository\org\apiguardian\apiguardian-api\1.1.0\apiguardian-api-1.1.0.jar;C:\Users\moham\.m2\repository\org\opentest4j\opentest4j\1.2.0\opentest4j-1.2.0.jar;C:\Users\moham\.m2\repository\org\junit\platform\junit-platform-commons\1.5.2\junit-platform-commons-1.5.2.jar;C:\Users\moham\.m2\repository\org\junit\jupiter\junit-jupiter-params\5.5.2\junit-jupiter-params-5.5.2.jar;C:\Users\moham\.m2\repository\org\junit\jupiter\junit-jupiter-engine\5.5.2\junit-jupiter-engine-5.5.2.jar;C:\Users\moham\.m2\repository\org\junit\platform\junit-platform-engine\1.5.2\junit-platform-engine-1.5.2.jar;C:\Users\moham\.m2\repository\org\mockito\mockito-core\3.2.0\mockito-core-3.2.0.jar;C:\Users\moham\.m2\repository\net\bytebuddy\byte-buddy\1.10.4\byte-buddy-1.10.4.jar;C:\Users\moham\.m2\repository\net\bytebuddy\byte-buddy-agent\1.10.3\byte-buddy-agent-1.10.3.jar;"/>
    <property name="java.vm.vendor" value="Oracle Corporation"/>
    <property name="sun.arch.data.model" value="64"/>
    <property name="user.variant" value=""/>
    <property name="java.vendor.url" value="https://java.oracle.com/"/>
    <property name="user.timezone" value="Europe/Berlin"/>
    <property name="user.country.format" value="FR"/>
    <property name="os.name" value="Windows 10"/>
    <property name="java.vm.specification.version" value="17"/>
    <property name="sun.java.launcher" value="SUN_STANDARD"/>
    <property name="user.country" value="US"/>
    <property name="sun.boot.library.path" value="C:\Program Files\Java\jdk-17\bin"/>
    <property name="sun.java.command" value="C:\Users\moham\AppData\Local\Temp\surefire15113274715788689767\surefirebooter-20240327084249544_3.jar C:\Users\moham\AppData\Local\Temp\surefire15113274715788689767 2024-03-27T08-42-49_405-jvmRun1 surefire-20240327084249544_1tmp surefire_0-20240327084249544_2tmp"/>
    <property name="jdk.debug" value="release"/>
    <property name="surefire.test.class.path" value="E:\Projects\aaaaaaaaaaaaaaa\target\test-classes;E:\Projects\aaaaaaaaaaaaaaa\target\classes;C:\Users\moham\.m2\repository\io\dropwizard\dropwizard-core\2.0.0\dropwizard-core-2.0.0.jar;C:\Users\moham\.m2\repository\io\dropwizard\dropwizard-util\2.0.0\dropwizard-util-2.0.0.jar;C:\Users\moham\.m2\repository\com\fasterxml\jackson\core\jackson-annotations\2.10.1\jackson-annotations-2.10.1.jar;C:\Users\moham\.m2\repository\com\google\guava\guava\28.1-jre\guava-28.1-jre.jar;C:\Users\moham\.m2\repository\com\google\guava\failureaccess\1.0.1\failureaccess-1.0.1.jar;C:\Users\moham\.m2\repository\com\google\guava\listenablefuture\9999.0-empty-to-avoid-conflict-with-guava\listenablefuture-9999.0-empty-to-avoid-conflict-with-guava.jar;C:\Users\moham\.m2\repository\com\google\j2objc\j2objc-annotations\1.3\j2objc-annotations-1.3.jar;C:\Users\moham\.m2\repository\org\codehaus\mojo\animal-sniffer-annotations\1.18\animal-sniffer-annotations-1.18.jar;C:\Users\moham\.m2\repository\com\google\code\findbugs\jsr305\3.0.2\jsr305-3.0.2.jar;C:\Users\moham\.m2\repository\joda-time\joda-time\2.10.5\joda-time-2.10.5.jar;C:\Users\moham\.m2\repository\io\dropwizard\dropwizard-jackson\2.0.0\dropwizard-jackson-2.0.0.jar;C:\Users\moham\.m2\repository\com\fasterxml\jackson\core\jackson-core\2.10.1\jackson-core-2.10.1.jar;C:\Users\moham\.m2\repository\com\fasterxml\jackson\core\jackson-databind\2.10.1\jackson-databind-2.10.1.jar;C:\Users\moham\.m2\repository\com\fasterxml\jackson\datatype\jackson-datatype-guava\2.10.1\jackson-datatype-guava-2.10.1.jar;C:\Users\moham\.m2\repository\com\fasterxml\jackson\datatype\jackson-datatype-jsr310\2.10.1\jackson-datatype-jsr310-2.10.1.jar;C:\Users\moham\.m2\repository\com\fasterxml\jackson\datatype\jackson-datatype-jdk8\2.10.1\jackson-datatype-jdk8-2.10.1.jar;C:\Users\moham\.m2\repository\com\fasterxml\jackson\module\jackson-module-parameter-names\2.10.1\jackson-module-parameter-names-2.10.1.jar;C:\Users\moham\.m2\repository\com\fasterxml\jackson\module\jackson-module-afterburner\2.10.1\jackson-module-afterburner-2.10.1.jar;C:\Users\moham\.m2\repository\com\fasterxml\jackson\datatype\jackson-datatype-joda\2.10.1\jackson-datatype-joda-2.10.1.jar;C:\Users\moham\.m2\repository\org\slf4j\slf4j-api\1.7.29\slf4j-api-1.7.29.jar;C:\Users\moham\.m2\repository\io\dropwizard\dropwizard-validation\2.0.0\dropwizard-validation-2.0.0.jar;C:\Users\moham\.m2\repository\org\hibernate\validator\hibernate-validator\6.1.0.Final\hibernate-validator-6.1.0.Final.jar;C:\Users\moham\.m2\repository\jakarta\validation\jakarta.validation-api\2.0.2\jakarta.validation-api-2.0.2.jar;C:\Users\moham\.m2\repository\org\jboss\logging\jboss-logging\3.3.2.Final\jboss-logging-3.3.2.Final.jar;C:\Users\moham\.m2\repository\org\glassfish\jakarta.el\3.0.3\jakarta.el-3.0.3.jar;C:\Users\moham\.m2\repository\org\javassist\javassist\3.26.0-GA\javassist-3.26.0-GA.jar;C:\Users\moham\.m2\repository\io\dropwizard\dropwizard-configuration\2.0.0\dropwizard-configuration-2.0.0.jar;C:\Users\moham\.m2\repository\com\fasterxml\jackson\dataformat\jackson-dataformat-yaml\2.10.1\jackson-dataformat-yaml-2.10.1.jar;C:\Users\moham\.m2\repository\org\yaml\snakeyaml\1.24\snakeyaml-1.24.jar;C:\Users\moham\.m2\repository\org\apache\commons\commons-lang3\3.9\commons-lang3-3.9.jar;C:\Users\moham\.m2\repository\org\apache\commons\commons-text\1.8\commons-text-1.8.jar;C:\Users\moham\.m2\repository\io\dropwizard\dropwizard-logging\2.0.0\dropwizard-logging-2.0.0.jar;C:\Users\moham\.m2\repository\io\dropwizard\metrics\metrics-logback\4.1.2\metrics-logback-4.1.2.jar;C:\Users\moham\.m2\repository\org\slf4j\jul-to-slf4j\1.7.29\jul-to-slf4j-1.7.29.jar;C:\Users\moham\.m2\repository\ch\qos\logback\logback-core\1.2.3\logback-core-1.2.3.jar;C:\Users\moham\.m2\repository\ch\qos\logback\logback-classic\1.2.3\logback-classic-1.2.3.jar;C:\Users\moham\.m2\repository\io\dropwizard\logback\logback-throttling-appender\1.1.0\logback-throttling-appender-1.1.0.jar;C:\Users\moham\.m2\repository\org\slf4j\log4j-over-slf4j\1.7.29\log4j-over-slf4j-1.7.29.jar;C:\Users\moham\.m2\repository\org\slf4j\jcl-over-slf4j\1.7.29\jcl-over-slf4j-1.7.29.jar;C:\Users\moham\.m2\repository\org\eclipse\jetty\jetty-util\9.4.24.v20191120\jetty-util-9.4.24.v20191120.jar;C:\Users\moham\.m2\repository\io\dropwizard\dropwizard-metrics\2.0.0\dropwizard-metrics-2.0.0.jar;C:\Users\moham\.m2\repository\io\dropwizard\dropwizard-jersey\2.0.0\dropwizard-jersey-2.0.0.jar;C:\Users\moham\.m2\repository\org\glassfish\jersey\core\jersey-server\2.29.1\jersey-server-2.29.1.jar;C:\Users\moham\.m2\repository\jakarta\ws\rs\jakarta.ws.rs-api\2.1.6\jakarta.ws.rs-api-2.1.6.jar;C:\Users\moham\.m2\repository\org\glassfish\jersey\media\jersey-media-jaxb\2.29.1\jersey-media-jaxb-2.29.1.jar;C:\Users\moham\.m2\repository\jakarta\annotation\jakarta.annotation-api\1.3.5\jakarta.annotation-api-1.3.5.jar;C:\Users\moham\.m2\repository\org\glassfish\hk2\external\jakarta.inject\2.6.1\jakarta.inject-2.6.1.jar;C:\Users\moham\.m2\repository\jakarta\xml\bind\jakarta.xml.bind-api\2.3.2\jakarta.xml.bind-api-2.3.2.jar;C:\Users\moham\.m2\repository\jakarta\activation\jakarta.activation-api\1.2.1\jakarta.activation-api-1.2.1.jar;C:\Users\moham\.m2\repository\org\glassfish\jersey\ext\jersey-metainf-services\2.29.1\jersey-metainf-services-2.29.1.jar;C:\Users\moham\.m2\repository\org\glassfish\jersey\ext\jersey-bean-validation\2.29.1\jersey-bean-validation-2.29.1.jar;C:\Users\moham\.m2\repository\org\glassfish\jersey\inject\jersey-hk2\2.29.1\jersey-hk2-2.29.1.jar;C:\Users\moham\.m2\repository\org\glassfish\hk2\hk2-locator\2.6.1\hk2-locator-2.6.1.jar;C:\Users\moham\.m2\repository\org\glassfish\hk2\external\aopalliance-repackaged\2.6.1\aopalliance-repackaged-2.6.1.jar;C:\Users\moham\.m2\repository\org\glassfish\hk2\hk2-api\2.6.1\hk2-api-2.6.1.jar;C:\Users\moham\.m2\repository\org\glassfish\hk2\hk2-utils\2.6.1\hk2-utils-2.6.1.jar;C:\Users\moham\.m2\repository\io\dropwizard\metrics\metrics-jersey2\4.1.2\metrics-jersey2-4.1.2.jar;C:\Users\moham\.m2\repository\com\fasterxml\jackson\jaxrs\jackson-jaxrs-json-provider\2.10.1\jackson-jaxrs-json-provider-2.10.1.jar;C:\Users\moham\.m2\repository\com\fasterxml\jackson\jaxrs\jackson-jaxrs-base\2.10.1\jackson-jaxrs-base-2.10.1.jar;C:\Users\moham\.m2\repository\com\fasterxml\jackson\module\jackson-module-jaxb-annotations\2.10.1\jackson-module-jaxb-annotations-2.10.1.jar;C:\Users\moham\.m2\repository\org\glassfish\jersey\containers\jersey-container-servlet\2.29.1\jersey-container-servlet-2.29.1.jar;C:\Users\moham\.m2\repository\org\eclipse\jetty\jetty-server\9.4.24.v20191120\jetty-server-9.4.24.v20191120.jar;C:\Users\moham\.m2\repository\javax\servlet\javax.servlet-api\4.0.1\javax.servlet-api-4.0.1.jar;C:\Users\moham\.m2\repository\org\eclipse\jetty\jetty-io\9.4.24.v20191120\jetty-io-9.4.24.v20191120.jar;C:\Users\moham\.m2\repository\org\eclipse\jetty\jetty-webapp\9.4.24.v20191120\jetty-webapp-9.4.24.v20191120.jar;C:\Users\moham\.m2\repository\org\eclipse\jetty\jetty-xml\9.4.24.v20191120\jetty-xml-9.4.24.v20191120.jar;C:\Users\moham\.m2\repository\org\eclipse\jetty\jetty-continuation\9.4.24.v20191120\jetty-continuation-9.4.24.v20191120.jar;C:\Users\moham\.m2\repository\io\dropwizard\dropwizard-servlets\2.0.0\dropwizard-servlets-2.0.0.jar;C:\Users\moham\.m2\repository\io\dropwizard\metrics\metrics-annotation\4.1.2\metrics-annotation-4.1.2.jar;C:\Users\moham\.m2\repository\io\dropwizard\dropwizard-jetty\2.0.0\dropwizard-jetty-2.0.0.jar;C:\Users\moham\.m2\repository\io\dropwizard\metrics\metrics-jetty9\4.1.2\metrics-jetty9-4.1.2.jar;C:\Users\moham\.m2\repository\org\eclipse\jetty\jetty-servlet\9.4.24.v20191120\jetty-servlet-9.4.24.v20191120.jar;C:\Users\moham\.m2\repository\org\eclipse\jetty\jetty-security\9.4.24.v20191120\jetty-security-9.4.24.v20191120.jar;C:\Users\moham\.m2\repository\org\eclipse\jetty\jetty-servlets\9.4.24.v20191120\jetty-servlets-9.4.24.v20191120.jar;C:\Users\moham\.m2\repository\org\eclipse\jetty\jetty-http\9.4.24.v20191120\jetty-http-9.4.24.v20191120.jar;C:\Users\moham\.m2\repository\io\dropwizard\dropwizard-lifecycle\2.0.0\dropwizard-lifecycle-2.0.0.jar;C:\Users\moham\.m2\repository\io\dropwizard\metrics\metrics-core\4.1.2\metrics-core-4.1.2.jar;C:\Users\moham\.m2\repository\io\dropwizard\metrics\metrics-jvm\4.1.2\metrics-jvm-4.1.2.jar;C:\Users\moham\.m2\repository\io\dropwizard\metrics\metrics-jmx\4.1.2\metrics-jmx-4.1.2.jar;C:\Users\moham\.m2\repository\io\dropwizard\metrics\metrics-servlets\4.1.2\metrics-servlets-4.1.2.jar;C:\Users\moham\.m2\repository\io\dropwizard\metrics\metrics-json\4.1.2\metrics-json-4.1.2.jar;C:\Users\moham\.m2\repository\com\helger\profiler\1.1.1\profiler-1.1.1.jar;C:\Users\moham\.m2\repository\io\dropwizard\metrics\metrics-healthchecks\4.1.2\metrics-healthchecks-4.1.2.jar;C:\Users\moham\.m2\repository\io\dropwizard\dropwizard-request-logging\2.0.0\dropwizard-request-logging-2.0.0.jar;C:\Users\moham\.m2\repository\ch\qos\logback\logback-access\1.2.3\logback-access-1.2.3.jar;C:\Users\moham\.m2\repository\net\sourceforge\argparse4j\argparse4j\0.8.1\argparse4j-0.8.1.jar;C:\Users\moham\.m2\repository\org\eclipse\jetty\toolchain\setuid\jetty-setuid-java\1.0.3\jetty-setuid-java-1.0.3.jar;C:\Users\moham\.m2\repository\io\dropwizard\dropwizard-hibernate\2.0.0\dropwizard-hibernate-2.0.0.jar;C:\Users\moham\.m2\repository\io\dropwizard\dropwizard-db\2.0.0\dropwizard-db-2.0.0.jar;C:\Users\moham\.m2\repository\org\apache\tomcat\tomcat-jdbc\9.0.29\tomcat-jdbc-9.0.29.jar;C:\Users\moham\.m2\repository\org\apache\tomcat\tomcat-juli\9.0.29\tomcat-juli-9.0.29.jar;C:\Users\moham\.m2\repository\com\fasterxml\jackson\datatype\jackson-datatype-hibernate5\2.10.1\jackson-datatype-hibernate5-2.10.1.jar;C:\Users\moham\.m2\repository\javax\transaction\javax.transaction-api\1.3\javax.transaction-api-1.3.jar;C:\Users\moham\.m2\repository\org\jadira\usertype\usertype.core\7.0.0.CR1\usertype.core-7.0.0.CR1.jar;C:\Users\moham\.m2\repository\org\jadira\usertype\usertype.spi\7.0.0.CR1\usertype.spi-7.0.0.CR1.jar;C:\Users\moham\.m2\repository\org\hibernate\hibernate-core\5.4.10.Final\hibernate-core-5.4.10.Final.jar;C:\Users\moham\.m2\repository\antlr\antlr\2.7.7\antlr-2.7.7.jar;C:\Users\moham\.m2\repository\org\jboss\spec\javax\transaction\jboss-transaction-api_1.2_spec\1.1.1.Final\jboss-transaction-api_1.2_spec-1.1.1.Final.jar;C:\Users\moham\.m2\repository\org\jboss\jandex\2.1.1.Final\jandex-2.1.1.Final.jar;C:\Users\moham\.m2\repository\com\fasterxml\classmate\1.5.1\classmate-1.5.1.jar;C:\Users\moham\.m2\repository\org\dom4j\dom4j\2.1.1\dom4j-2.1.1.jar;C:\Users\moham\.m2\repository\org\hibernate\common\hibernate-commons-annotations\5.1.0.Final\hibernate-commons-annotations-5.1.0.Final.jar;C:\Users\moham\.m2\repository\org\glassfish\jaxb\jaxb-runtime\2.3.1\jaxb-runtime-2.3.1.jar;C:\Users\moham\.m2\repository\org\glassfish\jaxb\txw2\2.3.1\txw2-2.3.1.jar;C:\Users\moham\.m2\repository\com\sun\istack\istack-commons-runtime\3.0.7\istack-commons-runtime-3.0.7.jar;C:\Users\moham\.m2\repository\org\jvnet\staxex\stax-ex\1.8\stax-ex-1.8.jar;C:\Users\moham\.m2\repository\com\sun\xml\fastinfoset\FastInfoset\1.2.15\FastInfoset-1.2.15.jar;C:\Users\moham\.m2\repository\org\projectlombok\lombok\1.18.26\lombok-1.18.26.jar;C:\Users\moham\.m2\repository\javax\validation\validation-api\1.1.0.Final\validation-api-1.1.0.Final.jar;C:\Users\moham\.m2\repository\javax\persistence\javax.persistence-api\2.2\javax.persistence-api-2.2.jar;C:\Users\moham\.m2\repository\org\postgresql\postgresql\42.2.10\postgresql-42.2.10.jar;C:\Users\moham\.m2\repository\com\smoketurner\dropwizard-swagger\2.0.0-1\dropwizard-swagger-2.0.0-1.jar;C:\Users\moham\.m2\repository\io\dropwizard\dropwizard-auth\2.0.0\dropwizard-auth-2.0.0.jar;C:\Users\moham\.m2\repository\io\dropwizard\dropwizard-assets\2.0.0\dropwizard-assets-2.0.0.jar;C:\Users\moham\.m2\repository\io\dropwizard\dropwizard-views\2.0.0\dropwizard-views-2.0.0.jar;C:\Users\moham\.m2\repository\io\dropwizard\dropwizard-views-freemarker\2.0.0\dropwizard-views-freemarker-2.0.0.jar;C:\Users\moham\.m2\repository\org\freemarker\freemarker\2.3.29\freemarker-2.3.29.jar;C:\Users\moham\.m2\repository\org\glassfish\jersey\media\jersey-media-multipart\2.29.1\jersey-media-multipart-2.29.1.jar;C:\Users\moham\.m2\repository\org\glassfish\jersey\core\jersey-common\2.29.1\jersey-common-2.29.1.jar;C:\Users\moham\.m2\repository\org\glassfish\hk2\osgi-resource-locator\1.0.3\osgi-resource-locator-1.0.3.jar;C:\Users\moham\.m2\repository\com\sun\activation\jakarta.activation\1.2.1\jakarta.activation-1.2.1.jar;C:\Users\moham\.m2\repository\org\jvnet\mimepull\mimepull\1.9.11\mimepull-1.9.11.jar;C:\Users\moham\.m2\repository\io\swagger\swagger-jersey2-jaxrs\1.6.0\swagger-jersey2-jaxrs-1.6.0.jar;C:\Users\moham\.m2\repository\io\swagger\swagger-jaxrs\1.6.0\swagger-jaxrs-1.6.0.jar;C:\Users\moham\.m2\repository\io\swagger\swagger-core\1.6.0\swagger-core-1.6.0.jar;C:\Users\moham\.m2\repository\io\swagger\swagger-models\1.6.0\swagger-models-1.6.0.jar;C:\Users\moham\.m2\repository\io\swagger\swagger-annotations\1.6.0\swagger-annotations-1.6.0.jar;C:\Users\moham\.m2\repository\org\reflections\reflections\0.9.11\reflections-0.9.11.jar;C:\Users\moham\.m2\repository\org\glassfish\jersey\containers\jersey-container-servlet-core\2.29.1\jersey-container-servlet-core-2.29.1.jar;C:\Users\moham\.m2\repository\javax\xml\bind\jaxb-api\2.3.1\jaxb-api-2.3.1.jar;C:\Users\moham\.m2\repository\javax\activation\javax.activation-api\1.2.0\javax.activation-api-1.2.0.jar;C:\Users\moham\.m2\repository\com\github\ben-manes\caffeine\caffeine\3.1.8\caffeine-3.1.8.jar;C:\Users\moham\.m2\repository\org\checkerframework\checker-qual\3.0.1\checker-qual-3.0.1.jar;C:\Users\moham\.m2\repository\com\google\errorprone\error_prone_annotations\2.3.4\error_prone_annotations-2.3.4.jar;C:\Users\moham\.m2\repository\io\dropwizard\dropwizard-testing\2.0.0\dropwizard-testing-2.0.0.jar;C:\Users\moham\.m2\repository\org\objenesis\objenesis\3.1\objenesis-3.1.jar;C:\Users\moham\.m2\repository\org\assertj\assertj-core\3.14.0\assertj-core-3.14.0.jar;C:\Users\moham\.m2\repository\org\glassfish\jersey\test-framework\providers\jersey-test-framework-provider-inmemory\2.29.1\jersey-test-framework-provider-inmemory-2.29.1.jar;C:\Users\moham\.m2\repository\org\glassfish\jersey\test-framework\jersey-test-framework-core\2.29.1\jersey-test-framework-core-2.29.1.jar;C:\Users\moham\.m2\repository\jakarta\servlet\jakarta.servlet-api\4.0.3\jakarta.servlet-api-4.0.3.jar;C:\Users\moham\.m2\repository\org\glassfish\jersey\core\jersey-client\2.29.1\jersey-client-2.29.1.jar;C:\Users\moham\.m2\repository\junit\junit\4.12\junit-4.12.jar;C:\Users\moham\.m2\repository\org\hamcrest\hamcrest-core\1.3\hamcrest-core-1.3.jar;C:\Users\moham\.m2\repository\org\junit\jupiter\junit-jupiter\5.5.2\junit-jupiter-5.5.2.jar;C:\Users\moham\.m2\repository\org\junit\jupiter\junit-jupiter-api\5.5.2\junit-jupiter-api-5.5.2.jar;C:\Users\moham\.m2\repository\org\apiguardian\apiguardian-api\1.1.0\apiguardian-api-1.1.0.jar;C:\Users\moham\.m2\repository\org\opentest4j\opentest4j\1.2.0\opentest4j-1.2.0.jar;C:\Users\moham\.m2\repository\org\junit\platform\junit-platform-commons\1.5.2\junit-platform-commons-1.5.2.jar;C:\Users\moham\.m2\repository\org\junit\jupiter\junit-jupiter-params\5.5.2\junit-jupiter-params-5.5.2.jar;C:\Users\moham\.m2\repository\org\junit\jupiter\junit-jupiter-engine\5.5.2\junit-jupiter-engine-5.5.2.jar;C:\Users\moham\.m2\repository\org\junit\platform\junit-platform-engine\1.5.2\junit-platform-engine-1.5.2.jar;C:\Users\moham\.m2\repository\org\mockito\mockito-core\3.2.0\mockito-core-3.2.0.jar;C:\Users\moham\.m2\repository\net\bytebuddy\byte-buddy\1.10.4\byte-buddy-1.10.4.jar;C:\Users\moham\.m2\repository\net\bytebuddy\byte-buddy-agent\1.10.3\byte-buddy-agent-1.10.3.jar;"/>
    <property name="sun.cpu.endian" value="little"/>
    <property name="user.home" value="C:\Users\moham"/>
    <property name="user.language" value="en"/>
    <property name="java.specification.vendor" value="Oracle Corporation"/>
    <property name="java.version.date" value="2024-01-16"/>
    <property name="java.home" value="C:\Program Files\Java\jdk-17"/>
    <property name="file.separator" value="\"/>
    <property name="basedir" value="E:\Projects\aaaaaaaaaaaaaaa"/>
    <property name="java.vm.compressedOopsMode" value="Zero based"/>
    <property name="line.separator" value="&#10;"/>
    <property name="java.vm.specification.vendor" value="Oracle Corporation"/>
    <property name="java.specification.name" value="Java Platform API Specification"/>
    <property name="surefire.real.class.path" value="C:\Users\moham\AppData\Local\Temp\surefire15113274715788689767\surefirebooter-20240327084249544_3.jar"/>
    <property name="user.script" value=""/>
    <property name="sun.management.compiler" value="HotSpot 64-Bit Tiered Compilers"/>
    <property name="java.runtime.version" value="17.0.10+11-LTS-240"/>
    <property name="user.name" value="Aymen"/>
    <property name="path.separator" value=";"/>
    <property name="os.version" value="10.0"/>
    <property name="java.runtime.name" value="Java(TM) SE Runtime Environment"/>
    <property name="file.encoding" value="Cp1252"/>
    <property name="java.vm.name" value="Java HotSpot(TM) 64-Bit Server VM"/>
    <property name="localRepository" value="C:\Users\moham\.m2\repository"/>
    <property name="java.vendor.url.bug" value="https://bugreport.java.com/bugreport/"/>
    <property name="java.io.tmpdir" value="C:\Users\moham\AppData\Local\Temp\"/>
    <property name="java.version" value="17.0.10"/>
    <property name="user.dir" value="E:\Projects\aaaaaaaaaaaaaaa"/>
    <property name="os.arch" value="amd64"/>
    <property name="java.vm.specification.name" value="Java Virtual Machine Specification"/>
    <property name="user.language.format" value="fr"/>
    <property name="sun.os.patch.level" value=""/>
    <property name="native.encoding" value="Cp1252"/>
    <property name="java.library.path" value="C:\Program Files\Java\jdk-17\bin;C:\Windows\Sun\Java\bin;C:\Windows\system32;C:\Windows;C:\Program Files\NVIDIA GPU Computing Toolkit\CUDA\v11.2\bin;C:\Program Files\NVIDIA GPU Computing Toolkit\CUDA\v11.2\libnvvp;E:\db_home\bin;C:\Program Files\Common Files\Oracle\Java\javapath;C:\Program Files (x86)\Common Files\Oracle\Java\javapath;C:\Windows\system32;C:\Windows;C:\Windows\System32\Wbem;C:\Windows\System32\WindowsPowerShell\v1.0\;C:\Windows\System32\OpenSSH\;C:\Program Files\Git\cmd;C:\Program Files (x86)\Yarn\bin\;E:\Program Files\sonarqube-8.5.1.38104\bin\windows-x86-64;E:\Program Files\sonar-scanner-4.5.0.2216-windows\bin;E:\flutter\bin;E:\Program Files\GnuWin32\bin;C:\MinGW\bin;C:\ProgramData\ComposerSetup\bin;E:\Program Files\pc2-9.6.0;E:\pc2-9.6.0\bin;E:\Xampp_7.3\php;E:\Program Files\openjfx-11.0.2_windows-x64_bin-sdk\javafx-sdk-11.0.2\bin;E:\Program Files\openjfx-11.0.2_windows-x64_bin-sdk\javafx-sdk-11.0.2;C:\Program Files\NVIDIA Corporation\Nsight Compute 2020.3.0\;C:\Program Files (x86)\NVIDIA Corporation\PhysX\Common;C:\Program Files\NVIDIA Corporation\NVIDIA NvDLISR;C:\Program Files\NVIDIA GPU Computing Toolkit\CUDA\v11.2\bin;C:\Program Files\NVIDIA GPU Computing Toolkit\CUDA\v11.2\libnvvp;C:\Program Files\OpenSSL-Win64\bin;C:\Program Files\MySQL\MySQL Utilities 1.6\;E:\Program Files\cockroach-v21.2.5.windows-6.2-amd64;C:\Users\moham\AppData\Local\Programs\Python\Python37;E:\Program Files\kotlinc\bin;C:\Users\moham\AppData\Local\Google\Cloud SDK\google-cloud-sdk;E:\Program Files\ffmpeg-2023-04-10-git-b18a9c2971-essentials_build\bin;C:\Program Files\dotnet\;E:\Program Files\nodejs\;E:\Program Files\maven\apache-maven-3.9.6\bin;C:\Users\moham\AppData\Local\Programs\Python\Python311\Scripts\;C:\Users\moham\AppData\Local\Programs\Python\Python311\;C:\Users\moham\AppData\Local\Microsoft\WindowsApps;C:\Program Files\JetBrains\WebStorm 2020.2.1\bin;C:\Users\moham\AppData\Local\Yarn\bin;C:\Program Files\JetBrains\IntelliJ IDEA 2020.2.3\bin;C:\Program Files\JetBrains\PyCharm 2020.2.3\bin;E:\Program Files\Microsoft VS Code\bin;E:\Program Files\PhpStorm 2020.3.2\bin;C:\Users\moham\AppData\Roaming\Composer\vendor\bin;E:\Program Files\IntelliJ IDEA Community Edition 2022.3.2\bin;;C:\Users\moham\AppData\Roaming\npm;E:\Program Files\maven\apache-maven-3.9.6\src;C:\Users\moham\AppData\Local\Google\Cloud SDK\google-cloud-sdk\bin;."/>
    <property name="java.vm.info" value="mixed mode, sharing"/>
    <property name="java.vendor" value="Oracle Corporation"/>
    <property name="java.vm.version" value="17.0.10+11-LTS-240"/>
    <property name="sun.io.unicode.encoding" value="UnicodeLittle"/>
    <property name="java.class.version" value="61.0"/>
  </properties>
  <testcase name="createNewWidgetTest" classname="com.warehouse.resources.WidgetResourceTest" time="0.266">
    <system-out><![CDATA[08:42:50.662 [main] DEBUG org.jboss.logging - Logging Provider: org.jboss.logging.Slf4jLoggerProvider
08:42:50.665 [main] INFO org.hibernate.validator.internal.util.Version - HV000001: Hibernate Validator 6.1.0.Final
08:42:50.669 [main] DEBUG org.hibernate.validator.internal.engine.resolver.TraversableResolvers - Found javax.persistence.Persistence on classpath containing 'getPersistenceUtil'. Assuming JPA 2 environment. Trying to instantiate JPA aware TraversableResolver
08:42:50.669 [main] DEBUG org.hibernate.validator.internal.engine.resolver.TraversableResolvers - Instantiated JPA aware TraversableResolver of type org.hibernate.validator.internal.engine.resolver.JPATraversableResolver.
08:42:50.676 [main] DEBUG org.hibernate.validator.internal.engine.AbstractConfigurationImpl - Adding value extractor io.dropwizard.validation.valuehandling.GuavaOptionalValueExtractor@24a298a6
08:42:50.677 [main] DEBUG org.hibernate.validator.internal.engine.AbstractConfigurationImpl - Setting custom ConstraintValidatorFactory of type io.dropwizard.jersey.validation.MutableValidatorFactory
08:42:50.677 [main] DEBUG org.hibernate.validator.internal.engine.AbstractConfigurationImpl - Setting custom ParameterNameProvider of type io.dropwizard.jersey.validation.JerseyParameterNameProvider
08:42:50.679 [main] DEBUG org.hibernate.validator.internal.engine.AbstractConfigurationImpl - Adding value extractor io.dropwizard.jersey.validation.NonEmptyStringParamValueExtractor@5c92166b
08:42:50.679 [main] DEBUG org.hibernate.validator.internal.engine.AbstractConfigurationImpl - Adding value extractor io.dropwizard.jersey.validation.ParamValueExtractor@2787de58
08:42:50.682 [main] DEBUG org.hibernate.validator.internal.xml.config.ValidationXmlParser - Trying to load META-INF/validation.xml for XML based Validator configuration.
08:42:50.683 [main] DEBUG org.hibernate.validator.internal.xml.config.ResourceLoaderHelper - Trying to load META-INF/validation.xml via TCCL
08:42:50.683 [main] DEBUG org.hibernate.validator.internal.xml.config.ResourceLoaderHelper - Trying to load META-INF/validation.xml via Hibernate Validator's class loader
08:42:50.683 [main] DEBUG org.hibernate.validator.internal.xml.config.ValidationXmlParser - No META-INF/validation.xml found. Using annotation based configuration only.
08:42:50.696 [main] DEBUG org.hibernate.validator.messageinterpolation.ResourceBundleMessageInterpolator - Loaded expression factory via original TCCL
08:42:50.766 [main] DEBUG org.hibernate.validator.internal.engine.ValidatorFactoryConfigurationHelper - HV000252: Using org.hibernate.validator.internal.engine.DefaultPropertyNodeNameProvider as property node name provider.
08:42:50.771 [main] DEBUG org.hibernate.validator.internal.engine.ValidatorFactoryConfigurationHelper - HV000234: Using org.hibernate.validator.messageinterpolation.ResourceBundleMessageInterpolator as ValidatorFactory-scoped message interpolator.
08:42:50.772 [main] DEBUG org.hibernate.validator.internal.engine.ValidatorFactoryConfigurationHelper - HV000234: Using org.hibernate.validator.internal.engine.resolver.JPATraversableResolver as ValidatorFactory-scoped traversable resolver.
08:42:50.772 [main] DEBUG org.hibernate.validator.internal.engine.ValidatorFactoryConfigurationHelper - HV000234: Using org.hibernate.validator.internal.util.ExecutableParameterNameProvider as ValidatorFactory-scoped parameter name provider.
08:42:50.772 [main] DEBUG org.hibernate.validator.internal.engine.ValidatorFactoryConfigurationHelper - HV000234: Using org.hibernate.validator.internal.engine.DefaultClockProvider as ValidatorFactory-scoped clock provider.
08:42:50.772 [main] DEBUG org.hibernate.validator.internal.engine.ValidatorFactoryConfigurationHelper - HV000234: Using org.hibernate.validator.internal.engine.scripting.DefaultScriptEvaluatorFactory as ValidatorFactory-scoped script evaluator factory.
]]></system-out>
  </testcase>
  <testcase name="deleteWidgetById" classname="com.warehouse.resources.WidgetResourceTest" time="0.004"/>
  <testcase name="listWidgetsByCategoryTest" classname="com.warehouse.resources.WidgetResourceTest" time="0.012">
    <system-out><![CDATA[category presenttrue
]]></system-out>
  </testcase>
  <testcase name="patchWidgetById" classname="com.warehouse.resources.WidgetResourceTest" time="0.005"/>
  <testcase name="createNewWidgetWithPriceNegativeTest" classname="com.warehouse.resources.WidgetResourceTest" time="0.041"/>
  <testcase name="createNewWidgetWithMissingFiledTest" classname="com.warehouse.resources.WidgetResourceTest" time="0.003"/>
  <testcase name="getWidgetSuccessTest" classname="com.warehouse.resources.WidgetResourceTest" time="0.003"/>
  <testcase name="getWidgetNotFoundTest" classname="com.warehouse.resources.WidgetResourceTest" time="0.005"/>
  <testcase name="updateWidgetByIdTest" classname="com.warehouse.resources.WidgetResourceTest" time="0.004"/>
  <testcase name="listWidgetsTest" classname="com.warehouse.resources.WidgetResourceTest" time="0.002">
    <system-out><![CDATA[category presentfalse
]]></system-out>
  </testcase>
</testsuite>